<?xml version="1.0" encoding="UTF-8"?>
<!-- Generated by org.testng.reporters.JUnitReportReporter -->
<testsuite skipped="0" hostname="LAPTOP-7N50JD64" name="com.newTour.RegisterTest" tests="1" failures="0" timestamp="16 Nov 2019 07:29:10 GMT" time="1.205" errors="0">
  <testcase name="test2" time="1.205" classname="com.newTour.RegisterTest"/>
</testsuite> <!-- com.newTour.RegisterTest -->
