<?xml version="1.0" encoding="UTF-8"?>
<!-- Generated by org.testng.reporters.JUnitReportReporter -->
<testsuite skipped="0" hostname="LAPTOP-7N50JD64" name="com.newTour.HomeTest" tests="1" failures="0" timestamp="16 Nov 2019 07:29:10 GMT" time="3.075" errors="0">
  <testcase name="test1" time="3.075" classname="com.newTour.HomeTest"/>
</testsuite> <!-- com.newTour.HomeTest -->
